c:\users\lci_vancouver-pchan\downloads\pix\pix\x64\debug\vc142.pdb
c:\users\lci_vancouver-pchan\downloads\pix\pix\x64\debug\vc142.idb
c:\users\lci_vancouver-pchan\downloads\pix\pix\x64\debug\winmain.obj
c:\users\lci_vancouver-pchan\downloads\pix\pix\x64\debug\viewport.obj
c:\users\lci_vancouver-pchan\downloads\pix\pix\x64\debug\variablecache.obj
c:\users\lci_vancouver-pchan\downloads\pix\pix\x64\debug\texteditor.obj
c:\users\lci_vancouver-pchan\downloads\pix\pix\x64\debug\scriptparser.obj
c:\users\lci_vancouver-pchan\downloads\pix\pix\x64\debug\rasterizer.obj
c:\users\lci_vancouver-pchan\downloads\pix\pix\x64\debug\pixeditor.obj
c:\users\lci_vancouver-pchan\downloads\pix\pix\x64\debug\graphics.obj
c:\users\lci_vancouver-pchan\downloads\pix\pix\x64\debug\commanddictionary.obj
c:\users\lci_vancouver-pchan\downloads\pix\pix\x64\debug\cmdvarfloat.obj
c:\users\lci_vancouver-pchan\downloads\pix\pix\x64\debug\cmdsetresolution.obj
c:\users\lci_vancouver-pchan\downloads\pix\pix\x64\debug\cmdsetcolor.obj
c:\users\lci_vancouver-pchan\downloads\pix\pix\x64\debug\cmddrawpixel.obj
c:\users\lci_vancouver-pchan\downloads\pix\pix\x64\debug\pix.ilk
c:\users\lci_vancouver-pchan\downloads\pix\x64\debug\pix.exe
c:\users\lci_vancouver-pchan\downloads\pix\x64\debug\pix.pdb
c:\users\lci_vancouver-pchan\downloads\pix\x64\debug\pix.lib
c:\users\lci_vancouver-pchan\downloads\pix\x64\debug\pix.exp
c:\users\lci_vancouver-pchan\downloads\pix\pix\x64\debug\pix.tlog\cl.command.1.tlog
c:\users\lci_vancouver-pchan\downloads\pix\pix\x64\debug\pix.tlog\cl.read.1.tlog
c:\users\lci_vancouver-pchan\downloads\pix\pix\x64\debug\pix.tlog\cl.write.1.tlog
c:\users\lci_vancouver-pchan\downloads\pix\pix\x64\debug\pix.tlog\link.command.1.tlog
c:\users\lci_vancouver-pchan\downloads\pix\pix\x64\debug\pix.tlog\link.read.1.tlog
c:\users\lci_vancouver-pchan\downloads\pix\pix\x64\debug\pix.tlog\link.write.1.tlog
c:\users\lci_vancouver-pchan\downloads\pix\pix\x64\debug\pix.tlog\pix.write.1u.tlog
